[2025-03-29 10:44:30] Attempting connection to localhost as root
[2025-03-29 10:44:30] Attempting connection to localhost as root
[2025-03-29 10:44:30] Connected to MySQL server successfully
[2025-03-29 10:44:30] Database 'campuscompass' does not exist, creating...
[2025-03-29 10:44:30] Connected to MySQL server successfully
[2025-03-29 10:44:30] Selected database 'campuscompass'
[2025-03-29 10:44:30] Created database 'campuscompass'
[2025-03-29 10:44:30] Selected database 'campuscompass'
[2025-03-29 10:44:40] Attempting connection to localhost as root
[2025-03-29 10:44:40] Connected to MySQL server successfully
[2025-03-29 10:44:40] Selected database 'campuscompass'
[2025-03-29 10:44:57] Attempting connection to localhost as root
[2025-03-29 10:44:57] Connected to MySQL server successfully
[2025-03-29 10:44:57] Selected database 'campuscompass'
[2025-03-29 10:45:01] Attempting connection to localhost as root
[2025-03-29 10:45:01] Connected to MySQL server successfully
[2025-03-29 10:45:01] Selected database 'campuscompass'
[2025-03-29 10:46:23] Attempting connection to localhost as root
[2025-03-29 10:46:23] Attempting connection to localhost as root
[2025-03-29 10:46:23] Connected to MySQL server successfully
[2025-03-29 10:46:23] Connected to MySQL server successfully
[2025-03-29 10:46:23] Selected database 'campuscompass'
[2025-03-29 10:46:26] Attempting connection to localhost as root
[2025-03-29 10:46:26] Connected to MySQL server successfully
[2025-03-29 10:46:26] Attempting connection to localhost as root
[2025-03-29 10:46:26] Selected database 'campuscompass'
[2025-03-29 10:46:26] Connected to MySQL server successfully
[2025-03-29 10:46:26] Selected database 'campuscompass'
[2025-03-29 10:46:29] Attempting connection to localhost as root
[2025-03-29 10:46:29] Connected to MySQL server successfully
[2025-03-29 10:46:29] Selected database 'campuscompass'
[2025-03-29 10:46:41] Attempting connection to localhost as root
[2025-03-29 10:46:41] Connected to MySQL server successfully
[2025-03-29 10:46:41] Selected database 'campuscompass'
[2025-03-29 10:46:45] Attempting connection to localhost as root
[2025-03-29 10:46:45] Connected to MySQL server successfully
[2025-03-29 10:46:45] Selected database 'campuscompass'
[2025-03-29 10:46:49] Attempting connection to localhost as root
[2025-03-29 10:46:49] Connected to MySQL server successfully
[2025-03-29 10:46:49] Selected database 'campuscompass'
[2025-03-29 10:49:48] Attempting connection to localhost as root
[2025-03-29 10:49:48] Connected to MySQL server successfully
[2025-03-29 10:49:48] Attempting connection to localhost as root
[2025-03-29 10:49:48] Selected database 'campuscompass'
[2025-03-29 10:49:48] Connected to MySQL server successfully
[2025-03-29 10:49:48] Selected database 'campuscompass'
[2025-03-29 10:49:58] Attempting connection to localhost as root
[2025-03-29 10:49:58] Attempting connection to localhost as root
[2025-03-29 10:49:58] Connected to MySQL server successfully
[2025-03-29 10:49:58] Selected database 'campuscompass'
[2025-03-29 10:49:58] Connected to MySQL server successfully
[2025-03-29 10:49:58] Selected database 'campuscompass'
[2025-03-29 10:50:01] Attempting connection to localhost as root
[2025-03-29 10:50:01] Connected to MySQL server successfully
[2025-03-29 10:50:01] Selected database 'campuscompass'
[2025-03-29 10:50:02] Attempting connection to localhost as root
[2025-03-29 10:50:02] Connected to MySQL server successfully
[2025-03-29 10:50:02] Selected database 'campuscompass'
[2025-03-29 10:50:05] Attempting connection to localhost as root
[2025-03-29 10:50:05] Connected to MySQL server successfully
[2025-03-29 10:50:05] Attempting connection to localhost as root
[2025-03-29 10:50:05] Selected database 'campuscompass'
[2025-03-29 10:50:05] Connected to MySQL server successfully
[2025-03-29 10:50:05] Selected database 'campuscompass'
