[2025-03-28 23:56:10] Error in getReviewsFromTable: Unknown column 'r.college_ranking' in 'on clause'
[2025-03-28 23:56:10] Error in getReviewsFromTable: Unknown column 'r.user_id' in 'on clause'
[2025-03-28 23:56:11] Error in getReviewsFromTable: Unknown column 'r.college_ranking' in 'on clause'
[2025-03-28 23:56:11] Error in getReviewsFromTable: Unknown column 'r.user_id' in 'on clause'
[2025-03-28 23:56:26] Error in getReviewsFromTable: Unknown column 'r.college_ranking' in 'on clause'
[2025-03-28 23:56:26] Error in getReviewsFromTable: Unknown column 'r.user_id' in 'on clause'
[2025-03-28 23:56:26] Error in getReviewsFromTable: Unknown column 'r.college_ranking' in 'on clause'
[2025-03-28 23:56:26] Error in getReviewsFromTable: Unknown column 'r.user_id' in 'on clause'
[2025-03-28 23:56:27] Error in getReviewsFromTable: Unknown column 'r.college_ranking' in 'on clause'
[2025-03-28 23:56:27] Error in getReviewsFromTable: Unknown column 'r.user_id' in 'on clause'
[2025-03-28 23:56:27] Error in getReviewsFromTable: Unknown column 'r.college_ranking' in 'on clause'
[2025-03-28 23:56:27] Error in getReviewsFromTable: Unknown column 'r.user_id' in 'on clause'
[2025-03-28 23:56:27] Error in getReviewsFromTable: Unknown column 'r.college_ranking' in 'on clause'
[2025-03-28 23:56:27] Error in getReviewsFromTable: Unknown column 'r.user_id' in 'on clause'
[2025-03-29 00:00:42] Error in getReviewsFromTable: Unknown column 'r.college_ranking' in 'on clause'
[2025-03-29 00:00:42] Error in getReviewsFromTable: Unknown column 'r.user_id' in 'on clause'
[2025-03-29 05:48:55] Error in getReviewsFromTable: Unknown column 'r.college_ranking' in 'on clause'
[2025-03-29 05:48:55] Error in getReviewsFromTable: Unknown column 'r.user_id' in 'on clause'
[2025-03-29 09:50:08] Error in getReviewsFromTable: Unknown column 'r.college_ranking' in 'on clause'
[2025-03-29 09:50:08] Error in getReviewsFromTable: Unknown column 'r.user_id' in 'on clause'
[2025-03-29 09:50:08] Error in getReviewsFromTable: Unknown column 'r.college_ranking' in 'on clause'
[2025-03-29 09:50:08] Error in getReviewsFromTable: Unknown column 'r.user_id' in 'on clause'
[2025-03-29 09:50:16] Error in getReviewsFromTable: Unknown column 'r.status' in 'where clause'
[2025-03-29 09:50:16] Error in getReviewsFromTable: Unknown column 'r.status' in 'where clause'
[2025-03-29 09:50:18] Error in getReviewsFromTable: Unknown column 'r.status' in 'where clause'
[2025-03-29 09:50:23] Error in getReviewsFromTable: Unknown column 'r.status' in 'where clause'
[2025-03-29 09:50:29] Error in getReviewsFromTable: Unknown column 'r.status' in 'where clause'
[2025-03-29 09:50:31] Error in getReviewsFromTable: Unknown column 'r.status' in 'where clause'
[2025-03-29 09:50:33] Error in getReviewsFromTable: Unknown column 'r.status' in 'where clause'
[2025-03-29 09:50:35] Error in getReviewsFromTable: Unknown column 'r.status' in 'where clause'
[2025-03-29 09:50:38] Error in getReviewsFromTable: Unknown column 'r.status' in 'where clause'
[2025-03-29 09:50:40] Error in getReviewsFromTable: Unknown column 'r.status' in 'where clause'
[2025-03-29 09:50:47] Error in getReviewsFromTable: Unknown column 'r.status' in 'where clause'
[2025-03-29 09:50:49] Error in getReviewsFromTable: Unknown column 'r.status' in 'where clause'
[2025-03-29 09:50:49] Error in getReviewsFromTable: Unknown column 'r.status' in 'where clause'
[2025-03-29 09:50:53] Error in getReviewsFromTable: Unknown column 'r.status' in 'where clause'
[2025-03-29 09:50:53] Error in getReviewsFromTable: Unknown column 'r.status' in 'where clause'
[2025-03-29 09:59:00] Error in getReviewsFromTable: Unknown column 'r.college_ranking' in 'on clause'
[2025-03-29 09:59:00] Error in getReviewsFromTable: Unknown column 'r.user_id' in 'on clause'
[2025-03-29 09:59:00] Error in getReviewsFromTable: Unknown column 'r.college_ranking' in 'on clause'
[2025-03-29 09:59:00] Error in getReviewsFromTable: Unknown column 'r.user_id' in 'on clause'
[2025-03-29 09:59:12] Error in getReviewsFromTable: Unknown column 'r.college_ranking' in 'on clause'
[2025-03-29 10:17:45] Error in getReviewsFromTable: Unknown column 'r.college_ranking' in 'on clause'
[2025-03-29 10:17:45] Error in getReviewsFromTable: Unknown column 'r.user_id' in 'on clause'
[2025-03-29 10:18:01] Error in updateReviewStatus: Unknown column 'status' in 'field list'
[2025-03-29 10:30:53] Error in getReviewsFromTable: Unknown column 'r.user_id' in 'on clause'
[2025-03-29 10:30:53] Error in getReviewsFromTable: Unknown column 'r.college_ranking' in 'on clause'
[2025-03-29 10:30:53] Error in getReviewsFromTable: Unknown column 'r.user_id' in 'on clause'
[2025-03-29 10:31:21] Error in getReviewsFromTable: Unknown column 'r.user_id' in 'on clause'
[2025-03-29 10:31:21] Error in getReviewsFromTable: Unknown column 'r.college_ranking' in 'on clause'
[2025-03-29 10:31:21] Error in getReviewsFromTable: Unknown column 'r.user_id' in 'on clause'
[2025-03-29 10:31:43] Error in updateReviewStatus: Unknown column 'status' in 'field list'
[2025-03-29 10:42:30] Main API Error: Database connection failed: Connection not established
[2025-03-29 10:42:30] Main API Error: Database connection failed: Connection not established
[2025-03-29 11:22:28] Error in getReviewsFromTable: Unknown column 'r.user_id' in 'on clause'
[2025-03-29 11:22:28] Error in getReviewsFromTable: Unknown column 'r.user_id' in 'on clause'
[2025-03-29 11:22:50] Error in getReviewsFromTable: Unknown column 'r.user_id' in 'on clause'
[2025-03-29 11:22:50] Error in getReviewsFromTable: Unknown column 'r.user_id' in 'on clause'
[2025-03-29 11:23:09] Error in getReviewsFromTable: Unknown column 'r.user_id' in 'on clause'
[2025-03-29 11:23:22] Error in getReviewsFromTable: Unknown column 'r.user_id' in 'on clause'
[2025-03-29 11:23:22] Error in getReviewsFromTable: Unknown column 'r.user_id' in 'on clause'
[2025-03-29 11:26:59] Error in getReviewById: Unknown column 'r.review_id' in 'where clause'
[2025-03-29 11:27:08] Error in deleteReview: Unknown column 'review_id' in 'where clause'
[2025-03-29 11:27:17] Error in getReviewById: Unknown column 'r.review_id' in 'where clause'
[2025-03-29 11:28:41] Error in getReviewById: Unknown column 'r.review_id' in 'where clause'
[2025-03-29 17:40:38] Error in deleteReview: Unknown column 'review_id' in 'where clause'
[2025-03-29 17:40:49] Error in deleteReview: Unknown column 'review_id' in 'where clause'
